[01m[K/home/lara/catkin_ws/src/pack1/src/controller.cpp:[m[K In function â€˜[01m[Kint main(int, char**)[m[Kâ€™:
[01m[K/home/lara/catkin_ws/src/pack1/src/controller.cpp:69:5:[m[K [01;31m[Kerror: [m[Kâ€˜[01m[Kmsg4[m[Kâ€™ was not declared in this scope
     msg4.data=no1;
[01;32m[K     ^[m[K
make[2]: *** [CMakeFiles/controller.dir/src/controller.cpp.o] Error 1
make[1]: *** [CMakeFiles/controller.dir/all] Error 2
make[1]: *** Waiting for unfinished jobs....
make: *** [all] Error 2
