[01m[K/home/lara/catkin_ws/src/qt_task/src/mainwindow.cpp:[m[K In constructor â€˜[01m[KMainWindow::MainWindow(ros::NodeHandle, QWidget*)[m[Kâ€™:
[01m[K/home/lara/catkin_ws/src/qt_task/src/mainwindow.cpp:51:28:[m[K [01;31m[Kerror: [m[Kâ€˜[01m[Khsv[m[Kâ€™ is not a member of â€˜[01m[Kstd_msgs[m[Kâ€™
     pub_hsv = nh.advertise<std_msgs::hsv>("HSV",1000);//
[01;32m[K                            ^[m[K
[01m[K/home/lara/catkin_ws/src/qt_task/src/mainwindow.cpp:51:28:[m[K [01;31m[Kerror: [m[Kâ€˜[01m[Khsv[m[Kâ€™ is not a member of â€˜[01m[Kstd_msgs[m[Kâ€™
[01m[K/home/lara/catkin_ws/src/qt_task/src/mainwindow.cpp:51:53:[m[K [01;31m[Kerror: [m[Kno matching function for call to â€˜[01m[Kros::NodeHandle::advertise(const char [4], int)[m[Kâ€™
     pub_hsv = nh.advertise<std_msgs::hsv>("HSV",1000);//
[01;32m[K                                                     ^[m[K
In file included from [01m[K/opt/ros/kinetic/include/ros/ros.h:45:0[m[K,
                 from [01m[K/home/lara/catkin_ws/src/qt_task/include/mainwindow.h:5[m[K,
                 from [01m[K/home/lara/catkin_ws/src/qt_task/src/mainwindow.cpp:1[m[K:
[01m[K/opt/ros/kinetic/include/ros/node_handle.h:249:15:[m[K [01;36m[Knote: [m[Kcandidate: template<class M> ros::Publisher ros::NodeHandle::advertise(const string&, uint32_t, bool)
     Publisher advertise(const std::string& topic, uint32_t queue_size, bool latch = false)
[01;32m[K               ^[m[K
[01m[K/opt/ros/kinetic/include/ros/node_handle.h:249:15:[m[K [01;36m[Knote: [m[K  template argument deduction/substitution failed:
[01m[K/home/lara/catkin_ws/src/qt_task/src/mainwindow.cpp:51:53:[m[K [01;31m[Kerror: [m[Ktemplate argument 1 is invalid
     pub_hsv = nh.advertise<std_msgs::hsv>("HSV",1000);//
[01;32m[K                                                     ^[m[K
In file included from [01m[K/opt/ros/kinetic/include/ros/ros.h:45:0[m[K,
                 from [01m[K/home/lara/catkin_ws/src/qt_task/include/mainwindow.h:5[m[K,
                 from [01m[K/home/lara/catkin_ws/src/qt_task/src/mainwindow.cpp:1[m[K:
[01m[K/opt/ros/kinetic/include/ros/node_handle.h:315:13:[m[K [01;36m[Knote: [m[Kcandidate: template<class M> ros::Publisher ros::NodeHandle::advertise(const string&, uint32_t, const SubscriberStatusCallback&, const SubscriberStatusCallback&, const VoidConstPtr&, bool)
   Publisher advertise(const std::string& topic, uint32_t queue_size,
[01;32m[K             ^[m[K
[01m[K/opt/ros/kinetic/include/ros/node_handle.h:315:13:[m[K [01;36m[Knote: [m[K  template argument deduction/substitution failed:
[01m[K/home/lara/catkin_ws/src/qt_task/src/mainwindow.cpp:51:53:[m[K [01;31m[Kerror: [m[Ktemplate argument 1 is invalid
     pub_hsv = nh.advertise<std_msgs::hsv>("HSV",1000);//
[01;32m[K                                                     ^[m[K
make[2]: *** [CMakeFiles/appLib.dir/src/mainwindow.cpp.o] Error 1
make[1]: *** [CMakeFiles/appLib.dir/all] Error 2
make: *** [all] Error 2
