[01m[K/home/lara/catkin_ws/src/sample_qt/src/mainwindow.cpp:[m[K In member function â€˜[01m[Kvoid MainWindow::callback(const ImageConstPtr&)[m[Kâ€™:
[01m[K/home/lara/catkin_ws/src/sample_qt/src/mainwindow.cpp:20:21:[m[K [01;31m[Kerror: [m[Kâ€˜[01m[Kclass Ui::MainWindow[m[Kâ€™ has no member named â€˜[01m[Ktry_2[m[Kâ€™
                 ui->try_2->setPixmap(QPixmap::fromImage(QImage(img.data, img.cols, img.rows, img.step, QImage::Format_RGB888)));
[01;32m[K                     ^[m[K
[01m[K/home/lara/catkin_ws/src/sample_qt/src/mainwindow.cpp:[m[K In constructor â€˜[01m[KMainWindow::MainWindow(ros::NodeHandle, QWidget*)[m[Kâ€™:
[01m[K/home/lara/catkin_ws/src/sample_qt/src/mainwindow.cpp:48:8:[m[K [01;31m[Kerror: [m[Kâ€˜[01m[Kclass Ui::MainWindow[m[Kâ€™ has no member named â€˜[01m[Ktry_2[m[Kâ€™
    ui->try_2->setScaledContents(true);
[01;32m[K        ^[m[K
make[2]: *** [CMakeFiles/appLib.dir/src/mainwindow.cpp.o] Error 1
make[1]: *** [CMakeFiles/appLib.dir/all] Error 2
make: *** [all] Error 2
