[01m[K/home/lara/catkin_ws/src/pic/src/talker.cpp:[m[K In function â€˜[01m[Kint main(int, char**)[m[Kâ€™:
[01m[K/home/lara/catkin_ws/src/pic/src/talker.cpp:20:37:[m[K [01;31m[Kerror: [m[Kâ€˜[01m[Kn[m[Kâ€™ was not declared in this scope
         ros::Publisher chatter_pub= n.advertise<std_msgs::Int32>("control",1000);
[01;32m[K                                     ^[m[K
[01m[K/home/lara/catkin_ws/src/pic/src/talker.cpp:20:64:[m[K [01;31m[Kerror: [m[Kexpected primary-expression before â€˜[01m[K>[m[Kâ€™ token
         ros::Publisher chatter_pub= n.advertise<std_msgs::Int32>("control",1000);
[01;32m[K                                                                ^[m[K
[01m[K/home/lara/catkin_ws/src/pic/src/talker.cpp:29:11:[m[K [01;31m[Kerror: [m[Kâ€˜[01m[Kpub[m[Kâ€™ was not declared in this scope
           pub.publish(text);
[01;32m[K           ^[m[K
make[2]: *** [CMakeFiles/talker.dir/src/talker.cpp.o] Error 1
make[1]: *** [CMakeFiles/talker.dir/all] Error 2
make: *** [all] Error 2
