[01m[K/home/lara/catkin_ws/src/pic/src/trackbar.cpp:[m[K In function â€˜[01m[Kvoid moment(cv::Mat, cv::Mat&)[m[Kâ€™:
[01m[K/home/lara/catkin_ws/src/pic/src/trackbar.cpp:34:3:[m[K [01;31m[Kerror: [m[Kâ€˜[01m[Kvector[m[Kâ€™ is not a member of â€˜[01m[Kcv[m[Kâ€™
   cv::vector<vector<Point> > contours;
[01;32m[K   ^[m[K
[01m[K/home/lara/catkin_ws/src/pic/src/trackbar.cpp:34:3:[m[K [01;36m[Knote: [m[Ksuggested alternatives:
In file included from [01m[K/usr/include/c++/5/vector:64:0[m[K,
                 from [01m[K/usr/include/boost/format.hpp:17[m[K,
                 from [01m[K/usr/include/boost/math/policies/error_handling.hpp:31[m[K,
                 from [01m[K/usr/include/boost/math/special_functions/round.hpp:14[m[K,
                 from [01m[K/opt/ros/kinetic/include/ros/time.h:58[m[K,
                 from [01m[K/opt/ros/kinetic/include/ros/ros.h:38[m[K,
                 from [01m[K/home/lara/catkin_ws/src/pic/src/trackbar.cpp:1[m[K:
[01m[K/usr/include/c++/5/bits/stl_vector.h:214:11:[m[K [01;36m[Knote: [m[K  â€˜[01m[Kstd::vector[m[Kâ€™
     class vector : protected _Vector_base<_Tp, _Alloc>
[01;32m[K           ^[m[K
In file included from [01m[K/usr/include/boost/mpl/aux_/include_preprocessed.hpp:37:0[m[K,
                 from [01m[K/usr/include/boost/mpl/vector.hpp:46[m[K,
                 from [01m[K/usr/include/boost/math/policies/policy.hpp:14[m[K,
                 from [01m[K/usr/include/boost/math/policies/error_handling.hpp:19[m[K,
                 from [01m[K/usr/include/boost/math/special_functions/round.hpp:14[m[K,
                 from [01m[K/opt/ros/kinetic/include/ros/time.h:58[m[K,
                 from [01m[K/opt/ros/kinetic/include/ros/ros.h:38[m[K,
                 from [01m[K/home/lara/catkin_ws/src/pic/src/trackbar.cpp:1[m[K:
[01m[K/usr/include/boost/mpl/aux_/preprocessed/gcc/vector.hpp:22:8:[m[K [01;36m[Knote: [m[K  â€˜[01m[Kboost::mpl::vector[m[Kâ€™
 struct vector;
[01;32m[K        ^[m[K
In file included from [01m[K/usr/include/boost/lexical_cast/detail/converter_lexical.hpp:51:0[m[K,
                 from [01m[K/usr/include/boost/lexical_cast/try_lexical_convert.hpp:34[m[K,
                 from [01m[K/usr/include/boost/lexical_cast.hpp:32[m[K,
                 from [01m[K/opt/ros/kinetic/include/ros/transport_hints.h:34[m[K,
                 from [01m[K/opt/ros/kinetic/include/ros/subscribe_options.h:33[m[K,
                 from [01m[K/opt/ros/kinetic/include/ros/node_handle.h:42[m[K,
                 from [01m[K/opt/ros/kinetic/include/ros/ros.h:45[m[K,
                 from [01m[K/home/lara/catkin_ws/src/pic/src/trackbar.cpp:1[m[K:
[01m[K/usr/include/boost/container/container_fwd.hpp:92:7:[m[K [01;36m[Knote: [m[K  â€˜[01m[Kboost::container::vector[m[Kâ€™
 class vector;
[01;32m[K       ^[m[K
[01m[K/home/lara/catkin_ws/src/pic/src/trackbar.cpp:34:14:[m[K [01;31m[Kerror: [m[Kâ€˜[01m[Kvector[m[Kâ€™ was not declared in this scope
   cv::vector<vector<Point> > contours;
[01;32m[K              ^[m[K
[01m[K/home/lara/catkin_ws/src/pic/src/trackbar.cpp:34:14:[m[K [01;36m[Knote: [m[Ksuggested alternatives:
In file included from [01m[K/usr/include/c++/5/vector:64:0[m[K,
                 from [01m[K/usr/include/boost/format.hpp:17[m[K,
                 from [01m[K/usr/include/boost/math/policies/error_handling.hpp:31[m[K,
                 from [01m[K/usr/include/boost/math/special_functions/round.hpp:14[m[K,
                 from [01m[K/opt/ros/kinetic/include/ros/time.h:58[m[K,
                 from [01m[K/opt/ros/kinetic/include/ros/ros.h:38[m[K,
                 from [01m[K/home/lara/catkin_ws/src/pic/src/trackbar.cpp:1[m[K:
[01m[K/usr/include/c++/5/bits/stl_vector.h:214:11:[m[K [01;36m[Knote: [m[K  â€˜[01m[Kstd::vector[m[Kâ€™
     class vector : protected _Vector_base<_Tp, _Alloc>
[01;32m[K           ^[m[K
In file included from [01m[K/usr/include/boost/mpl/aux_/include_preprocessed.hpp:37:0[m[K,
                 from [01m[K/usr/include/boost/mpl/vector.hpp:46[m[K,
                 from [01m[K/usr/include/boost/math/policies/policy.hpp:14[m[K,
                 from [01m[K/usr/include/boost/math/policies/error_handling.hpp:19[m[K,
                 from [01m[K/usr/include/boost/math/special_functions/round.hpp:14[m[K,
                 from [01m[K/opt/ros/kinetic/include/ros/time.h:58[m[K,
                 from [01m[K/opt/ros/kinetic/include/ros/ros.h:38[m[K,
                 from [01m[K/home/lara/catkin_ws/src/pic/src/trackbar.cpp:1[m[K:
[01m[K/usr/include/boost/mpl/aux_/preprocessed/gcc/vector.hpp:22:8:[m[K [01;36m[Knote: [m[K  â€˜[01m[Kboost::mpl::vector[m[Kâ€™
 struct vector;
[01;32m[K        ^[m[K
In file included from [01m[K/usr/include/boost/lexical_cast/detail/converter_lexical.hpp:51:0[m[K,
                 from [01m[K/usr/include/boost/lexical_cast/try_lexical_convert.hpp:34[m[K,
                 from [01m[K/usr/include/boost/lexical_cast.hpp:32[m[K,
                 from [01m[K/opt/ros/kinetic/include/ros/transport_hints.h:34[m[K,
                 from [01m[K/opt/ros/kinetic/include/ros/subscribe_options.h:33[m[K,
                 from [01m[K/opt/ros/kinetic/include/ros/node_handle.h:42[m[K,
                 from [01m[K/opt/ros/kinetic/include/ros/ros.h:45[m[K,
                 from [01m[K/home/lara/catkin_ws/src/pic/src/trackbar.cpp:1[m[K:
[01m[K/usr/include/boost/container/container_fwd.hpp:92:7:[m[K [01;36m[Knote: [m[K  â€˜[01m[Kboost::container::vector[m[Kâ€™
 class vector;
[01;32m[K       ^[m[K
[01m[K/home/lara/catkin_ws/src/pic/src/trackbar.cpp:34:21:[m[K [01;31m[Kerror: [m[Kâ€˜[01m[KPoint[m[Kâ€™ was not declared in this scope
   cv::vector<vector<Point> > contours;
[01;32m[K                     ^[m[K
[01m[K/home/lara/catkin_ws/src/pic/src/trackbar.cpp:34:21:[m[K [01;36m[Knote: [m[Ksuggested alternative:
In file included from [01m[K/opt/ros/kinetic/include/opencv-3.3.1-dev/opencv2/core.hpp:58:0[m[K,
                 from [01m[K/opt/ros/kinetic/include/opencv-3.3.1-dev/opencv2/highgui.hpp:46[m[K,
                 from [01m[K/opt/ros/kinetic/include/opencv-3.3.1-dev/opencv2/highgui/highgui.hpp:48[m[K,
                 from [01m[K/home/lara/catkin_ws/src/pic/src/trackbar.cpp:3[m[K:
[01m[K/opt/ros/kinetic/include/opencv-3.3.1-dev/opencv2/core/types.hpp:192:17:[m[K [01;36m[Knote: [m[K  â€˜[01m[Kcv::Point[m[Kâ€™
 typedef Point2i Point;
[01;32m[K                 ^[m[K
[01m[K/home/lara/catkin_ws/src/pic/src/trackbar.cpp:34:28:[m[K [01;31m[Kerror: [m[Kexpected primary-expression before â€˜[01m[K>[m[Kâ€™ token
   cv::vector<vector<Point> > contours;
[01;32m[K                            ^[m[K
[01m[K/home/lara/catkin_ws/src/pic/src/trackbar.cpp:34:30:[m[K [01;31m[Kerror: [m[Kâ€˜[01m[Kcontours[m[Kâ€™ was not declared in this scope
   cv::vector<vector<Point> > contours;
[01;32m[K                              ^[m[K
[01m[K/home/lara/catkin_ws/src/pic/src/trackbar.cpp:35:3:[m[K [01;31m[Kerror: [m[Kâ€˜[01m[Kvector[m[Kâ€™ is not a member of â€˜[01m[Kcv[m[Kâ€™
   cv::vector<Vec4i> hierarchy;
[01;32m[K   ^[m[K
[01m[K/home/lara/catkin_ws/src/pic/src/trackbar.cpp:35:3:[m[K [01;36m[Knote: [m[Ksuggested alternatives:
In file included from [01m[K/usr/include/c++/5/vector:64:0[m[K,
                 from [01m[K/usr/include/boost/format.hpp:17[m[K,
                 from [01m[K/usr/include/boost/math/policies/error_handling.hpp:31[m[K,
                 from [01m[K/usr/include/boost/math/special_functions/round.hpp:14[m[K,
                 from [01m[K/opt/ros/kinetic/include/ros/time.h:58[m[K,
                 from [01m[K/opt/ros/kinetic/include/ros/ros.h:38[m[K,
                 from [01m[K/home/lara/catkin_ws/src/pic/src/trackbar.cpp:1[m[K:
[01m[K/usr/include/c++/5/bits/stl_vector.h:214:11:[m[K [01;36m[Knote: [m[K  â€˜[01m[Kstd::vector[m[Kâ€™
     class vector : protected _Vector_base<_Tp, _Alloc>
[01;32m[K           ^[m[K
In file included from [01m[K/usr/include/boost/mpl/aux_/include_preprocessed.hpp:37:0[m[K,
                 from [01m[K/usr/include/boost/mpl/vector.hpp:46[m[K,
                 from [01m[K/usr/include/boost/math/policies/policy.hpp:14[m[K,
                 from [01m[K/usr/include/boost/math/policies/error_handling.hpp:19[m[K,
                 from [01m[K/usr/include/boost/math/special_functions/round.hpp:14[m[K,
                 from [01m[K/opt/ros/kinetic/include/ros/time.h:58[m[K,
                 from [01m[K/opt/ros/kinetic/include/ros/ros.h:38[m[K,
                 from [01m[K/home/lara/catkin_ws/src/pic/src/trackbar.cpp:1[m[K:
[01m[K/usr/include/boost/mpl/aux_/preprocessed/gcc/vector.hpp:22:8:[m[K [01;36m[Knote: [m[K  â€˜[01m[Kboost::mpl::vector[m[Kâ€™
 struct vector;
[01;32m[K        ^[m[K
In file included from [01m[K/usr/include/boost/lexical_cast/detail/converter_lexical.hpp:51:0[m[K,
                 from [01m[K/usr/include/boost/lexical_cast/try_lexical_convert.hpp:34[m[K,
                 from [01m[K/usr/include/boost/lexical_cast.hpp:32[m[K,
                 from [01m[K/opt/ros/kinetic/include/ros/transport_hints.h:34[m[K,
                 from [01m[K/opt/ros/kinetic/include/ros/subscribe_options.h:33[m[K,
                 from [01m[K/opt/ros/kinetic/include/ros/node_handle.h:42[m[K,
                 from [01m[K/opt/ros/kinetic/include/ros/ros.h:45[m[K,
                 from [01m[K/home/lara/catkin_ws/src/pic/src/trackbar.cpp:1[m[K:
[01m[K/usr/include/boost/container/container_fwd.hpp:92:7:[m[K [01;36m[Knote: [m[K  â€˜[01m[Kboost::container::vector[m[Kâ€™
 class vector;
[01;32m[K       ^[m[K
[01m[K/home/lara/catkin_ws/src/pic/src/trackbar.cpp:35:14:[m[K [01;31m[Kerror: [m[Kâ€˜[01m[KVec4i[m[Kâ€™ was not declared in this scope
   cv::vector<Vec4i> hierarchy;
[01;32m[K              ^[m[K
[01m[K/home/lara/catkin_ws/src/pic/src/trackbar.cpp:35:14:[m[K [01;36m[Knote: [m[Ksuggested alternative:
In file included from [01m[K/opt/ros/kinetic/include/opencv-3.3.1-dev/opencv2/core.hpp:57:0[m[K,
                 from [01m[K/opt/ros/kinetic/include/opencv-3.3.1-dev/opencv2/highgui.hpp:46[m[K,
                 from [01m[K/opt/ros/kinetic/include/opencv-3.3.1-dev/opencv2/highgui/highgui.hpp:48[m[K,
                 from [01m[K/home/lara/catkin_ws/src/pic/src/trackbar.cpp:3[m[K:
[01m[K/opt/ros/kinetic/include/opencv-3.3.1-dev/opencv2/core/matx.hpp:415:21:[m[K [01;36m[Knote: [m[K  â€˜[01m[Kcv::Vec4i[m[Kâ€™
 typedef Vec<int, 4> Vec4i;
[01;32m[K                     ^[m[K
[01m[K/home/lara/catkin_ws/src/pic/src/trackbar.cpp:35:21:[m[K [01;31m[Kerror: [m[Kâ€˜[01m[Khierarchy[m[Kâ€™ was not declared in this scope
   cv::vector<Vec4i> hierarchy;
[01;32m[K                     ^[m[K
[01m[K/home/lara/catkin_ws/src/pic/src/trackbar.cpp:37:55:[m[K [01;31m[Kerror: [m[Kâ€˜[01m[KRETR_LIST[m[Kâ€™ was not declared in this scope
   cv::findContours(canny_output, contours, hierarchy, RETR_LIST, CHAIN_APPROX_SIMPLE, Point(0, 0) );
[01;32m[K                                                       ^[m[K
[01m[K/home/lara/catkin_ws/src/pic/src/trackbar.cpp:37:55:[m[K [01;36m[Knote: [m[Ksuggested alternative:
In file included from [01m[K/opt/ros/kinetic/include/opencv-3.3.1-dev/opencv2/opencv.hpp:71:0[m[K,
                 from [01m[K/home/lara/catkin_ws/src/pic/src/trackbar.cpp:4[m[K:
[01m[K/opt/ros/kinetic/include/opencv-3.3.1-dev/opencv2/imgproc.hpp:433:5:[m[K [01;36m[Knote: [m[K  â€˜[01m[KRETR_LIST[m[Kâ€™
     RETR_LIST      = 1,
[01;32m[K     ^[m[K
[01m[K/home/lara/catkin_ws/src/pic/src/trackbar.cpp:37:66:[m[K [01;31m[Kerror: [m[Kâ€˜[01m[KCHAIN_APPROX_SIMPLE[m[Kâ€™ was not declared in this scope
   cv::findContours(canny_output, contours, hierarchy, RETR_LIST, CHAIN_APPROX_SIMPLE, Point(0, 0) );
[01;32m[K                                                                  ^[m[K
[01m[K/home/lara/catkin_ws/src/pic/src/trackbar.cpp:37:66:[m[K [01;36m[Knote: [m[Ksuggested alternative:
In file included from [01m[K/opt/ros/kinetic/include/opencv-3.3.1-dev/opencv2/opencv.hpp:71:0[m[K,
                 from [01m[K/home/lara/catkin_ws/src/pic/src/trackbar.cpp:4[m[K:
[01m[K/opt/ros/kinetic/include/opencv-3.3.1-dev/opencv2/imgproc.hpp:452:5:[m[K [01;36m[Knote: [m[K  â€˜[01m[KCHAIN_APPROX_SIMPLE[m[Kâ€™
     CHAIN_APPROX_SIMPLE    = 2,
[01;32m[K     ^[m[K
[01m[K/home/lara/catkin_ws/src/pic/src/trackbar.cpp:41:10:[m[K [01;31m[Kerror: [m[Kexpected primary-expression before â€˜[01m[Kdouble[m[Kâ€™
   vector<double> areas(contours.size());
[01;32m[K          ^[m[K
[01m[K/home/lara/catkin_ws/src/pic/src/trackbar.cpp:43:8:[m[K [01;31m[Kerror: [m[Kâ€˜[01m[Kareas[m[Kâ€™ was not declared in this scope
   {    areas[i]=contourArea(contours.at(i),0);}
[01;32m[K        ^[m[K
[01m[K/home/lara/catkin_ws/src/pic/src/trackbar.cpp:43:45:[m[K [01;31m[Kerror: [m[Kâ€˜[01m[KcontourArea[m[Kâ€™ was not declared in this scope
   {    areas[i]=contourArea(contours.at(i),0);}
[01;32m[K                                             ^[m[K
[01m[K/home/lara/catkin_ws/src/pic/src/trackbar.cpp:43:45:[m[K [01;36m[Knote: [m[Ksuggested alternative:
In file included from [01m[K/opt/ros/kinetic/include/opencv-3.3.1-dev/opencv2/opencv.hpp:71:0[m[K,
                 from [01m[K/home/lara/catkin_ws/src/pic/src/trackbar.cpp:4[m[K:
[01m[K/opt/ros/kinetic/include/opencv-3.3.1-dev/opencv2/imgproc.hpp:3923:21:[m[K [01;36m[Knote: [m[K  â€˜[01m[Kcv::contourArea[m[Kâ€™
 CV_EXPORTS_W double contourArea( InputArray contour, bool oriented = false );
[01;32m[K                     ^[m[K
[01m[K/home/lara/catkin_ws/src/pic/src/trackbar.cpp:45:3:[m[K [01;31m[Kerror: [m[Kâ€˜[01m[KMoments[m[Kâ€™ was not declared in this scope
   Moments m;
[01;32m[K   ^[m[K
[01m[K/home/lara/catkin_ws/src/pic/src/trackbar.cpp:45:3:[m[K [01;36m[Knote: [m[Ksuggested alternative:
In file included from [01m[K/opt/ros/kinetic/include/opencv-3.3.1-dev/opencv2/core.hpp:58:0[m[K,
                 from [01m[K/opt/ros/kinetic/include/opencv-3.3.1-dev/opencv2/highgui.hpp:46[m[K,
                 from [01m[K/opt/ros/kinetic/include/opencv-3.3.1-dev/opencv2/highgui/highgui.hpp:48[m[K,
                 from [01m[K/home/lara/catkin_ws/src/pic/src/trackbar.cpp:3[m[K:
[01m[K/opt/ros/kinetic/include/opencv-3.3.1-dev/opencv2/core/types.hpp:915:24:[m[K [01;36m[Knote: [m[K  â€˜[01m[Kcv::Moments[m[Kâ€™
 class CV_EXPORTS_W_MAP Moments
[01;32m[K                        ^[m[K
[01m[K/home/lara/catkin_ws/src/pic/src/trackbar.cpp:46:28:[m[K [01;31m[Kerror: [m[Kâ€˜[01m[Kareas[m[Kâ€™ was not declared in this scope
   double max=*max_element( areas.begin(), areas.end() );
[01;32m[K                            ^[m[K
[01m[K/home/lara/catkin_ws/src/pic/src/trackbar.cpp:46:55:[m[K [01;31m[Kerror: [m[Kâ€˜[01m[Kmax_element[m[Kâ€™ was not declared in this scope
   double max=*max_element( areas.begin(), areas.end() );
[01;32m[K                                                       ^[m[K
[01m[K/home/lara/catkin_ws/src/pic/src/trackbar.cpp:46:55:[m[K [01;36m[Knote: [m[Ksuggested alternative:
In file included from [01m[K/usr/include/c++/5/algorithm:62:0[m[K,
                 from [01m[K/usr/include/boost/math/tools/config.hpp:17[m[K,
                 from [01m[K/usr/include/boost/math/special_functions/round.hpp:13[m[K,
                 from [01m[K/opt/ros/kinetic/include/ros/time.h:58[m[K,
                 from [01m[K/opt/ros/kinetic/include/ros/ros.h:38[m[K,
                 from [01m[K/home/lara/catkin_ws/src/pic/src/trackbar.cpp:1[m[K:
[01m[K/usr/include/c++/5/bits/stl_algo.h:5529:5:[m[K [01;36m[Knote: [m[K  â€˜[01m[Kstd::max_element[m[Kâ€™
     max_element(_ForwardIterator __first, _ForwardIterator __last,
[01;32m[K     ^[m[K
[01m[K/home/lara/catkin_ws/src/pic/src/trackbar.cpp:50:8:[m[K [01;31m[Kerror: [m[Kâ€˜[01m[Km[m[Kâ€™ was not declared in this scope
        m=moments(contours[i],false);
[01;32m[K        ^[m[K
[01m[K/home/lara/catkin_ws/src/pic/src/trackbar.cpp:50:35:[m[K [01;31m[Kerror: [m[Kâ€˜[01m[Kmoments[m[Kâ€™ was not declared in this scope
        m=moments(contours[i],false);
[01;32m[K                                   ^[m[K
[01m[K/home/lara/catkin_ws/src/pic/src/trackbar.cpp:50:35:[m[K [01;36m[Knote: [m[Ksuggested alternative:
In file included from [01m[K/opt/ros/kinetic/include/opencv-3.3.1-dev/opencv2/opencv.hpp:71:0[m[K,
                 from [01m[K/home/lara/catkin_ws/src/pic/src/trackbar.cpp:4[m[K:
[01m[K/opt/ros/kinetic/include/opencv-3.3.1-dev/opencv2/imgproc.hpp:3675:22:[m[K [01;36m[Knote: [m[K  â€˜[01m[Kcv::moments[m[Kâ€™
 CV_EXPORTS_W Moments moments( InputArray array, bool binaryImage = false );
[01;32m[K                      ^[m[K
[01m[K/home/lara/catkin_ws/src/pic/src/trackbar.cpp:51:8:[m[K [01;31m[Kerror: [m[Kâ€˜[01m[KPoint2f[m[Kâ€™ was not declared in this scope
        Point2f ma=Point2f(m.m10/m.m00,m.m01/m.m00);
[01;32m[K        ^[m[K
[01m[K/home/lara/catkin_ws/src/pic/src/trackbar.cpp:51:8:[m[K [01;36m[Knote: [m[Ksuggested alternative:
In file included from [01m[K/opt/ros/kinetic/include/opencv-3.3.1-dev/opencv2/core.hpp:58:0[m[K,
                 from [01m[K/opt/ros/kinetic/include/opencv-3.3.1-dev/opencv2/highgui.hpp:46[m[K,
                 from [01m[K/opt/ros/kinetic/include/opencv-3.3.1-dev/opencv2/highgui/highgui.hpp:48[m[K,
                 from [01m[K/home/lara/catkin_ws/src/pic/src/trackbar.cpp:3[m[K:
[01m[K/opt/ros/kinetic/include/opencv-3.3.1-dev/opencv2/core/types.hpp:190:23:[m[K [01;36m[Knote: [m[K  â€˜[01m[Kcv::Point2f[m[Kâ€™
 typedef Point_<float> Point2f;
[01;32m[K                       ^[m[K
[01m[K/home/lara/catkin_ws/src/pic/src/trackbar.cpp:52:20:[m[K [01;31m[Kerror: [m[Kâ€˜[01m[Kma[m[Kâ€™ was not declared in this scope
        circle(blur,ma,4,Scalar(0,0,255),-1);
[01;32m[K                    ^[m[K
[01m[K/home/lara/catkin_ws/src/pic/src/trackbar.cpp:52:39:[m[K [01;31m[Kerror: [m[Kâ€˜[01m[KScalar[m[Kâ€™ was not declared in this scope
        circle(blur,ma,4,Scalar(0,0,255),-1);
[01;32m[K                                       ^[m[K
[01m[K/home/lara/catkin_ws/src/pic/src/trackbar.cpp:52:39:[m[K [01;36m[Knote: [m[Ksuggested alternative:
In file included from [01m[K/opt/ros/kinetic/include/opencv-3.3.1-dev/opencv2/core.hpp:58:0[m[K,
                 from [01m[K/opt/ros/kinetic/include/opencv-3.3.1-dev/opencv2/highgui.hpp:46[m[K,
                 from [01m[K/opt/ros/kinetic/include/opencv-3.3.1-dev/opencv2/highgui/highgui.hpp:48[m[K,
                 from [01m[K/home/lara/catkin_ws/src/pic/src/trackbar.cpp:3[m[K:
[01m[K/opt/ros/kinetic/include/opencv-3.3.1-dev/opencv2/core/types.hpp:664:25:[m[K [01;36m[Knote: [m[K  â€˜[01m[Kcv::Scalar[m[Kâ€™
 typedef Scalar_<double> Scalar;
[01;32m[K                         ^[m[K
make[2]: *** [CMakeFiles/trackbar.dir/src/trackbar.cpp.o] Error 1
make[1]: *** [CMakeFiles/trackbar.dir/all] Error 2
make: *** [all] Error 2
