[01m[K/home/lara/catkin_ws/src/pic/src/trackbar.cpp:12:25:[m[K [01;31m[Kfatal error: [m[Koperations.hpp: No such file or directory
compilation terminated.
make[2]: *** [CMakeFiles/trackbar.dir/src/trackbar.cpp.o] Error 1
make[1]: *** [CMakeFiles/trackbar.dir/all] Error 2
make: *** [all] Error 2
