[01m[K/home/lara/catkin_ws/src/pic/src/trackbar.cpp:[m[K In function â€˜[01m[Kvoid imgCallback(const ImageConstPtr&)[m[Kâ€™:
[01m[K/home/lara/catkin_ws/src/pic/src/trackbar.cpp:32:47:[m[K [01;31m[Kerror: [m[Kâ€˜[01m[Kscalar[m[Kâ€™ was not declared in this scope
         cv::inRange(frame_HSV,scalar(60,60,100),scalar(180,255,255),mask);
[01;32m[K                                               ^[m[K
make[2]: *** [CMakeFiles/trackbar.dir/src/trackbar.cpp.o] Error 1
make[1]: *** [CMakeFiles/trackbar.dir/all] Error 2
make: *** [all] Error 2
