[01m[K/home/lara/catkin_ws/src/pic/src/trackbar.cpp:[m[K In function â€˜[01m[Kvoid imgCallback(const ImageConstPtr&)[m[Kâ€™:
[01m[K/home/lara/catkin_ws/src/pic/src/trackbar.cpp:54:5:[m[K [01;31m[Kerror: [m[Kâ€˜[01m[KMat[m[Kâ€™ was not declared in this scope
     Mat ele=getStructuringElement(MORPH_RECT,Size(5,5),Point(-1,-1));
[01;32m[K     ^[m[K
[01m[K/home/lara/catkin_ws/src/pic/src/trackbar.cpp:54:5:[m[K [01;36m[Knote: [m[Ksuggested alternative:
In file included from [01m[K/opt/ros/kinetic/include/opencv-3.3.1-dev/opencv2/core.hpp:59:0[m[K,
                 from [01m[K/opt/ros/kinetic/include/opencv-3.3.1-dev/opencv2/highgui.hpp:46[m[K,
                 from [01m[K/opt/ros/kinetic/include/opencv-3.3.1-dev/opencv2/highgui/highgui.hpp:48[m[K,
                 from [01m[K/home/lara/catkin_ws/src/pic/src/trackbar.cpp:3[m[K:
[01m[K/opt/ros/kinetic/include/opencv-3.3.1-dev/opencv2/core/mat.hpp:779:18:[m[K [01;36m[Knote: [m[K  â€˜[01m[Kcv::Mat[m[Kâ€™
 class CV_EXPORTS Mat
[01;32m[K                  ^[m[K
[01m[K/home/lara/catkin_ws/src/pic/src/trackbar.cpp:55:26:[m[K [01;31m[Kerror: [m[Kâ€˜[01m[Kele[m[Kâ€™ was not declared in this scope
     cv::erode( blur,blur,ele);
[01;32m[K                          ^[m[K
make[2]: *** [CMakeFiles/trackbar.dir/src/trackbar.cpp.o] Error 1
make[1]: *** [CMakeFiles/trackbar.dir/all] Error 2
make: *** [all] Error 2
