[01m[K/home/lara/catkin_ws/src/pic/src/trackbar.cpp:[m[K In function â€˜[01m[Kvoid imgCallback(const ImageConstPtr&)[m[Kâ€™:
[01m[K/home/lara/catkin_ws/src/pic/src/trackbar.cpp:32:47:[m[K [01;31m[Kerror: [m[Kâ€˜[01m[KScalar[m[Kâ€™ was not declared in this scope
         cv::inRange(frame_HSV,Scalar(60,60,100),Scalar(180,255,255),mask);
[01;32m[K                                               ^[m[K
[01m[K/home/lara/catkin_ws/src/pic/src/trackbar.cpp:32:47:[m[K [01;36m[Knote: [m[Ksuggested alternative:
In file included from [01m[K/opt/ros/kinetic/include/opencv-3.3.1-dev/opencv2/core.hpp:58:0[m[K,
                 from [01m[K/opt/ros/kinetic/include/opencv-3.3.1-dev/opencv2/highgui.hpp:46[m[K,
                 from [01m[K/opt/ros/kinetic/include/opencv-3.3.1-dev/opencv2/highgui/highgui.hpp:48[m[K,
                 from [01m[K/home/lara/catkin_ws/src/pic/src/trackbar.cpp:3[m[K:
[01m[K/opt/ros/kinetic/include/opencv-3.3.1-dev/opencv2/core/types.hpp:664:25:[m[K [01;36m[Knote: [m[K  â€˜[01m[Kcv::Scalar[m[Kâ€™
 typedef Scalar_<double> Scalar;
[01;32m[K                         ^[m[K
[01m[K/home/lara/catkin_ws/src/pic/src/trackbar.cpp:[m[K In function â€˜[01m[Kint main(int, char**)[m[Kâ€™:
[01m[K/home/lara/catkin_ws/src/pic/src/trackbar.cpp:62:29:[m[K [01;31m[Kerror: [m[Kno matching function for call to â€˜[01m[Kimage_transport::Publisher::publish(cv::Mat&)[m[Kâ€™
             pub.publish(mask);
[01;32m[K                             ^[m[K
In file included from [01m[K/opt/ros/kinetic/include/image_transport/image_transport.h:38:0[m[K,
                 from [01m[K/home/lara/catkin_ws/src/pic/src/trackbar.cpp:2[m[K:
[01m[K/opt/ros/kinetic/include/image_transport/publisher.h:84:8:[m[K [01;36m[Knote: [m[Kcandidate: void image_transport::Publisher::publish(const Image&) const
   void publish(const sensor_msgs::Image& message) const;
[01;32m[K        ^[m[K
[01m[K/opt/ros/kinetic/include/image_transport/publisher.h:84:8:[m[K [01;36m[Knote: [m[K  no known conversion for argument 1 from â€˜[01m[Kcv::Mat[m[Kâ€™ to â€˜[01m[Kconst Image& {aka const sensor_msgs::Image_<std::allocator<void> >&}[m[Kâ€™
[01m[K/opt/ros/kinetic/include/image_transport/publisher.h:89:8:[m[K [01;36m[Knote: [m[Kcandidate: void image_transport::Publisher::publish(const ImageConstPtr&) const
   void publish(const sensor_msgs::ImageConstPtr& message) const;
[01;32m[K        ^[m[K
[01m[K/opt/ros/kinetic/include/image_transport/publisher.h:89:8:[m[K [01;36m[Knote: [m[K  no known conversion for argument 1 from â€˜[01m[Kcv::Mat[m[Kâ€™ to â€˜[01m[Kconst ImageConstPtr& {aka const boost::shared_ptr<const sensor_msgs::Image_<std::allocator<void> > >&}[m[Kâ€™
make[2]: *** [CMakeFiles/trackbar.dir/src/trackbar.cpp.o] Error 1
make[1]: *** [CMakeFiles/trackbar.dir/all] Error 2
make: *** [all] Error 2
