[35m[1mScanning dependencies of target trackbar[0m
[ 16%] [32mBuilding CXX object CMakeFiles/trackbar.dir/src/trackbar.cpp.o[0m
[ 50%] Built target talker
[ 83%] Built target listener
[01m[K/home/lara/catkin_ws/src/pic/src/trackbar.cpp:[m[K In function â€˜[01m[Kvoid moment(cv::Mat, cv::Mat&)[m[Kâ€™:
[01m[K/home/lara/catkin_ws/src/pic/src/trackbar.cpp:49:3:[m[K [01;31m[Kerror: [m[Kâ€˜[01m[Kvector[m[Kâ€™ was not declared in this scope
   vector<vector<Point> > contours;
[01;32m[K   ^[m[K
[01m[K/home/lara/catkin_ws/src/pic/src/trackbar.cpp:49:3:[m[K [01;36m[Knote: [m[Ksuggested alternatives:
In file included from [01m[K/usr/include/c++/5/vector:64:0[m[K,
                 from [01m[K/usr/include/boost/format.hpp:17[m[K,
                 from [01m[K/usr/include/boost/math/policies/error_handling.hpp:31[m[K,
                 from [01m[K/usr/include/boost/math/special_functions/round.hpp:14[m[K,
                 from [01m[K/opt/ros/kinetic/include/ros/time.h:58[m[K,
                 from [01m[K/opt/ros/kinetic/include/ros/ros.h:38[m[K,
                 from [01m[K/home/lara/catkin_ws/src/pic/src/trackbar.cpp:1[m[K:
[01m[K/usr/include/c++/5/bits/stl_vector.h:214:11:[m[K [01;36m[Knote: [m[K  â€˜[01m[Kstd::vector[m[Kâ€™
     class vector : protected _Vector_base<_Tp, _Alloc>
[01;32m[K           ^[m[K
In file included from [01m[K/usr/include/boost/mpl/aux_/include_preprocessed.hpp:37:0[m[K,
                 from [01m[K/usr/include/boost/mpl/vector.hpp:46[m[K,
                 from [01m[K/usr/include/boost/math/policies/policy.hpp:14[m[K,
                 from [01m[K/usr/include/boost/math/policies/error_handling.hpp:19[m[K,
                 from [01m[K/usr/include/boost/math/special_functions/round.hpp:14[m[K,
                 from [01m[K/opt/ros/kinetic/include/ros/time.h:58[m[K,
                 from [01m[K/opt/ros/kinetic/include/ros/ros.h:38[m[K,
                 from [01m[K/home/lara/catkin_ws/src/pic/src/trackbar.cpp:1[m[K:
[01m[K/usr/include/boost/mpl/aux_/preprocessed/gcc/vector.hpp:22:8:[m[K [01;36m[Knote: [m[K  â€˜[01m[Kboost::mpl::vector[m[Kâ€™
 struct vector;
[01;32m[K        ^[m[K
In file included from [01m[K/usr/include/boost/lexical_cast/detail/converter_lexical.hpp:51:0[m[K,
                 from [01m[K/usr/include/boost/lexical_cast/try_lexical_convert.hpp:34[m[K,
                 from [01m[K/usr/include/boost/lexical_cast.hpp:32[m[K,
                 from [01m[K/opt/ros/kinetic/include/ros/transport_hints.h:34[m[K,
                 from [01m[K/opt/ros/kinetic/include/ros/subscribe_options.h:33[m[K,
                 from [01m[K/opt/ros/kinetic/include/ros/node_handle.h:42[m[K,
                 from [01m[K/opt/ros/kinetic/include/ros/ros.h:45[m[K,
                 from [01m[K/home/lara/catkin_ws/src/pic/src/trackbar.cpp:1[m[K:
[01m[K/usr/include/boost/container/container_fwd.hpp:92:7:[m[K [01;36m[Knote: [m[K  â€˜[01m[Kboost::container::vector[m[Kâ€™
 class vector;
[01;32m[K       ^[m[K
[01m[K/home/lara/catkin_ws/src/pic/src/trackbar.cpp:49:22:[m[K [01;31m[Kerror: [m[Kexpected primary-expression before â€˜[01m[K>[m[Kâ€™ token
   vector<vector<Point> > contours;
[01;32m[K                      ^[m[K
[01m[K/home/lara/catkin_ws/src/pic/src/trackbar.cpp:49:24:[m[K [01;31m[Kerror: [m[Kexpected primary-expression before â€˜[01m[K>[m[Kâ€™ token
   vector<vector<Point> > contours;
[01;32m[K                        ^[m[K
[01m[K/home/lara/catkin_ws/src/pic/src/trackbar.cpp:49:26:[m[K [01;31m[Kerror: [m[Kâ€˜[01m[Kcontours[m[Kâ€™ was not declared in this scope
   vector<vector<Point> > contours;
[01;32m[K                          ^[m[K
[01m[K/home/lara/catkin_ws/src/pic/src/trackbar.cpp:50:15:[m[K [01;31m[Kerror: [m[Kexpected primary-expression before â€˜[01m[K>[m[Kâ€™ token
   vector<Vec4i> hierarchy;
[01;32m[K               ^[m[K
[01m[K/home/lara/catkin_ws/src/pic/src/trackbar.cpp:50:17:[m[K [01;31m[Kerror: [m[Kâ€˜[01m[Khierarchy[m[Kâ€™ was not declared in this scope
   vector<Vec4i> hierarchy;
[01;32m[K                 ^[m[K
[01m[K/home/lara/catkin_ws/src/pic/src/trackbar.cpp:56:10:[m[K [01;31m[Kerror: [m[Kexpected primary-expression before â€˜[01m[Kdouble[m[Kâ€™
   vector<double> areas(contours.size());
[01;32m[K          ^[m[K
[01m[K/home/lara/catkin_ws/src/pic/src/trackbar.cpp:58:8:[m[K [01;31m[Kerror: [m[Kâ€˜[01m[Kareas[m[Kâ€™ was not declared in this scope
   {    areas[i]=contourArea(contours.at(i),0);}
[01;32m[K        ^[m[K
[01m[K/home/lara/catkin_ws/src/pic/src/trackbar.cpp:61:28:[m[K [01;31m[Kerror: [m[Kâ€˜[01m[Kareas[m[Kâ€™ was not declared in this scope
   double max=*max_element( areas.begin(), areas.end() );
[01;32m[K                            ^[m[K
[01m[K/home/lara/catkin_ws/src/pic/src/trackbar.cpp:61:55:[m[K [01;31m[Kerror: [m[Kâ€˜[01m[Kmax_element[m[Kâ€™ was not declared in this scope
   double max=*max_element( areas.begin(), areas.end() );
[01;32m[K                                                       ^[m[K
[01m[K/home/lara/catkin_ws/src/pic/src/trackbar.cpp:61:55:[m[K [01;36m[Knote: [m[Ksuggested alternative:
In file included from [01m[K/usr/include/c++/5/algorithm:62:0[m[K,
                 from [01m[K/usr/include/boost/math/tools/config.hpp:17[m[K,
                 from [01m[K/usr/include/boost/math/special_functions/round.hpp:13[m[K,
                 from [01m[K/opt/ros/kinetic/include/ros/time.h:58[m[K,
                 from [01m[K/opt/ros/kinetic/include/ros/ros.h:38[m[K,
                 from [01m[K/home/lara/catkin_ws/src/pic/src/trackbar.cpp:1[m[K:
[01m[K/usr/include/c++/5/bits/stl_algo.h:5529:5:[m[K [01;36m[Knote: [m[K  â€˜[01m[Kstd::max_element[m[Kâ€™
     max_element(_ForwardIterator __first, _ForwardIterator __last,
[01;32m[K     ^[m[K
CMakeFiles/trackbar.dir/build.make:62: recipe for target 'CMakeFiles/trackbar.dir/src/trackbar.cpp.o' failed
make[2]: *** [CMakeFiles/trackbar.dir/src/trackbar.cpp.o] Error 1
CMakeFiles/Makefile2:67: recipe for target 'CMakeFiles/trackbar.dir/all' failed
make[1]: *** [CMakeFiles/trackbar.dir/all] Error 2
Makefile:138: recipe for target 'all' failed
make: *** [all] Error 2
