[01m[K/home/lara/catkin_ws/src/pic/src/trackbar.cpp:19:35:[m[K [01;31m[Kerror: [m[Kâ€˜[01m[Ktext[m[Kâ€™ declared as reference but not initialized
 const sensor_msgs::ImageConstPtr& text;
[01;32m[K                                   ^[m[K
[01m[K/home/lara/catkin_ws/src/pic/src/trackbar.cpp:[m[K In function â€˜[01m[Kint main(int, char**)[m[Kâ€™:
[01m[K/home/lara/catkin_ws/src/pic/src/trackbar.cpp:42:53:[m[K [01;31m[Kerror: [m[Kconversion from â€˜[01m[Kros::Subscriber[m[Kâ€™ to non-scalar type â€˜[01m[Kimage_transport::Subscriber[m[Kâ€™ requested
         image_transport::Subscriber sub=nh.subscribe("camera/image", 1,imgCallback);
[01;32m[K                                                     ^[m[K
[01m[K/home/lara/catkin_ws/src/pic/src/trackbar.cpp:58:9:[m[K [01;31m[Kerror: [m[Kexpected â€˜[01m[K}[m[Kâ€™ at end of input
         }
[01;32m[K         ^[m[K
make[2]: *** [CMakeFiles/trackbar.dir/src/trackbar.cpp.o] Error 1
make[1]: *** [CMakeFiles/trackbar.dir/all] Error 2
make: *** [all] Error 2
