[01m[K/home/lara/catkin_ws/src/pic/src/trackbar.cpp:[m[K In function â€˜[01m[Kvoid imgCallback(const ImageConstPtr&)[m[Kâ€™:
[01m[K/home/lara/catkin_ws/src/pic/src/trackbar.cpp:38:31:[m[K [01;31m[Kerror: [m[Kâ€˜[01m[KCV_BGR2RGb[m[Kâ€™ was not declared in this scope
         cv::cvtColor(img,img2,CV_BGR2RGb);
[01;32m[K                               ^[m[K
make[2]: *** [CMakeFiles/trackbar.dir/src/trackbar.cpp.o] Error 1
make[1]: *** [CMakeFiles/trackbar.dir/all] Error 2
make: *** [all] Error 2
