[01m[K/home/lara/catkin_ws/src/pic/src/trackbar.cpp:[m[K In function â€˜[01m[Kint main(int, char**)[m[Kâ€™:
[01m[K/home/lara/catkin_ws/src/pic/src/trackbar.cpp:40:9:[m[K [01;31m[Kerror: [m[Kâ€˜[01m[KImage_transport[m[Kâ€™ is not a member of â€˜[01m[Kimage_transport[m[Kâ€™
         image_transport::Image_transport it;
[01;32m[K         ^[m[K
[01m[K/home/lara/catkin_ws/src/pic/src/trackbar.cpp:42:41:[m[K [01;31m[Kerror: [m[Kâ€˜[01m[Kit[m[Kâ€™ was not declared in this scope
         image_transport::Subscriber sub=it.subscribe("camera/image", 1000,imgCallback);
[01;32m[K                                         ^[m[K
make[2]: *** [CMakeFiles/trackbar.dir/src/trackbar.cpp.o] Error 1
make[1]: *** [CMakeFiles/trackbar.dir/all] Error 2
make: *** [all] Error 2
